E:\01.WORK\01.ALOCKY\03.ALOCKY-SCHOOL\06.SOURCE\LOG4INFINI\LOG4INFI\RELEASE\LOG4INFI.PCH
E:\01.WORK\01.ALOCKY\03.ALOCKY-SCHOOL\06.SOURCE\LOG4INFINI\LOG4INFI\RELEASE\STDAFX.OBJ
E:\01.WORK\01.ALOCKY\03.ALOCKY-SCHOOL\06.SOURCE\LOG4INFINI\LOG4INFI\RELEASE\VC110.PDB
E:\01.WORK\01.ALOCKY\03.ALOCKY-SCHOOL\06.SOURCE\LOG4INFINI\LOG4INFI\RELEASE\LOG4INFI.OBJ
E:\01.WORK\01.ALOCKY\03.ALOCKY-SCHOOL\06.SOURCE\LOG4INFINI\LOG4INFI (GIT)\RELEASE\LOG4INFI.PCH
E:\01.WORK\01.ALOCKY\03.ALOCKY-SCHOOL\06.SOURCE\LOG4INFINI\LOG4INFI (GIT)\RELEASE\STDAFX.OBJ
E:\01.WORK\01.ALOCKY\03.ALOCKY-SCHOOL\06.SOURCE\LOG4INFINI\LOG4INFI (GIT)\RELEASE\VC110.PDB
E:\01.WORK\01.ALOCKY\03.ALOCKY-SCHOOL\06.SOURCE\LOG4INFINI\LOG4INFI (GIT)\RELEASE\LOG4INFI.OBJ
E:\01.WORK\01.ALOCKY\03.ALOCKY-SCHOOL\06.SOURCE\LOG4INFINI\RELEASE\LOG4INFI.DLL
E:\01.WORK\01.ALOCKY\03.ALOCKY-SCHOOL\06.SOURCE\LOG4INFINI\RELEASE\LOG4INFI.PDB
E:\01.WORK\01.ALOCKY\03.ALOCKY-SCHOOL\06.SOURCE\LOG4INFINI\LOG4INFI (GIT)\RELEASE\LOG4INFI.DLL
E:\01.WORK\01.ALOCKY\03.ALOCKY-SCHOOL\06.SOURCE\LOG4INFINI\LOG4INFI (GIT)\RELEASE\LOG4INFI.PDB
E:\01.work\01.Alocky\03.ALOCKY-SCHOOL\06.source\LOG4Infini\Release\Log4Infi.lib
E:\01.work\01.Alocky\03.ALOCKY-SCHOOL\06.source\LOG4Infini\Release\Log4Infi.exp
E:\01.work\01.Alocky\03.ALOCKY-SCHOOL\06.source\LOG4Infini\Log4Infi (git)\Release\Log4Infi.lib
E:\01.work\01.Alocky\03.ALOCKY-SCHOOL\06.source\LOG4Infini\Log4Infi (git)\Release\Log4Infi.exp
E:\01.WORK\01.ALOCKY\03.ALOCKY-SCHOOL\06.SOURCE\LOG4INFINI\LOG4INFI\RELEASE\LOG4INFI.RES
E:\01.WORK\01.ALOCKY\03.ALOCKY-SCHOOL\06.SOURCE\LOG4INFINI\LOG4INFI (GIT)\RELEASE\LOG4INFI.RES
E:\01.work\01.Alocky\03.ALOCKY-SCHOOL\06.source\LOG4Infini\Log4Infi (git)\Release\Log4Infi.obj
E:\01.work\01.Alocky\03.ALOCKY-SCHOOL\06.source\LOG4Infini\Log4Infi (git)\Release\stdafx.obj
E:\01.work\01.Alocky\03.ALOCKY-SCHOOL\06.source\LOG4Infini\Log4Infi (git)\Release\cl.command.1.tlog
E:\01.work\01.Alocky\03.ALOCKY-SCHOOL\06.source\LOG4Infini\Log4Infi (git)\Release\CL.read.1.tlog
E:\01.work\01.Alocky\03.ALOCKY-SCHOOL\06.source\LOG4Infini\Log4Infi (git)\Release\CL.write.1.tlog
E:\01.work\01.Alocky\03.ALOCKY-SCHOOL\06.source\LOG4Infini\Log4Infi (git)\Release\link-cvtres.read.1.tlog
E:\01.work\01.Alocky\03.ALOCKY-SCHOOL\06.source\LOG4Infini\Log4Infi (git)\Release\link-cvtres.write.1.tlog
E:\01.work\01.Alocky\03.ALOCKY-SCHOOL\06.source\LOG4Infini\Log4Infi (git)\Release\link-rc.read.1.tlog
E:\01.work\01.Alocky\03.ALOCKY-SCHOOL\06.source\LOG4Infini\Log4Infi (git)\Release\link-rc.write.1.tlog
E:\01.work\01.Alocky\03.ALOCKY-SCHOOL\06.source\LOG4Infini\Log4Infi (git)\Release\link.command.1.tlog
E:\01.work\01.Alocky\03.ALOCKY-SCHOOL\06.source\LOG4Infini\Log4Infi (git)\Release\link.read.1.tlog
E:\01.work\01.Alocky\03.ALOCKY-SCHOOL\06.source\LOG4Infini\Log4Infi (git)\Release\link.write.1.tlog
E:\01.work\01.Alocky\03.ALOCKY-SCHOOL\06.source\LOG4Infini\Log4Infi (git)\Release\Log4Infi.write.1.tlog
E:\01.work\01.Alocky\03.ALOCKY-SCHOOL\06.source\LOG4Infini\Log4Infi (git)\Release\rc.command.1.tlog
E:\01.work\01.Alocky\03.ALOCKY-SCHOOL\06.source\LOG4Infini\Log4Infi (git)\Release\rc.read.1.tlog
E:\01.work\01.Alocky\03.ALOCKY-SCHOOL\06.source\LOG4Infini\Log4Infi (git)\Release\rc.write.1.tlog
E:\01.work\01.Alocky\03.ALOCKY-SCHOOL\06.source\LOG4Infini\Log4Infi (git)\Release\Log4Infi.res
E:\01.work\01.Alocky\03.ALOCKY-SCHOOL\06.source\LOG4Infini\Log4Infi (git)\Release\Log4Infi.pch
E:\01.work\01.Alocky\03.ALOCKY-SCHOOL\06.source\LOG4Infini\Log4Infi (git)\Release\Log4Infi.pdb
E:\01.work\01.Alocky\03.ALOCKY-SCHOOL\06.source\LOG4Infini\Log4Infi (git)\Release\vc110.pdb
E:\01.work\01.Alocky\03.ALOCKY-SCHOOL\06.source\LOG4Infini\Log4Infi (git)\Release\Log4Infi.dll
